Beginning scrape at page  16
page  19  has no image links
pausing for 30 seconds at page  20
page  21  has no image links
page  23  has no image links
WARNING: images and names are not the same length 
 no image_links this page
page  29  has no image links
page  34  has no image links
page  39  has no image links
pausing for 30 seconds at page  40
page  45  has no image links
page  46  has no image links
page  54  has no image links
pausing for 30 seconds at page  60
page  60  has no image links
page  62  has no image links
page  68  has no image links
page  69  has no image links
page  70  has no image links
page  71  has no image links
page  73  has no image links
page  74  has no image links
WARNING: images and names are not the same length 
 no image_links this page
page  75  has no image links
page  76  has no image links
WARNING: images and names are not the same length 
 no image_links this page
page  77  has no image links
pausing for 30 seconds at page  80
WARNING: images and names are not the same length 
 no image_links this page
page  96  has no image links
pausing for 30 seconds at page  100
page  106  has no image links
pausing for 30 seconds at page  120
page  122  has no image links
WARNING: images and names are not the same length 
 no image_links this page
page  124  has no image links
page  125  has no image links
page  128  has no image links
page  134  has no image links
page  138  has no image links
pausing for 30 seconds at page  140
page  140  has no image links
page  144  has no image links
page  151  has no image links
page  152  has no image links
page  155  has no image links
pausing for 30 seconds at page  160
page  163  has no image links
page  170  has no image links
page  172  has no image links
page  179  has no image links
pausing for 30 seconds at page  180
page  182  has no image links
page  184  has no image links
page  187  has no image links
page  192  has no image links
page  194  has no image links
page  195  has no image links
page  197  has no image links
pausing for 30 seconds at page  200
page  200  has no image links
page  201  has no image links
page  203  has no image links
page  208  has no image links
page  209  has no image links
page  210  has no image links
page  215  has no image links
page  217  has no image links
page  218  has no image links
pausing for 30 seconds at page  220
page  227  has no image links
page  231  has no image links
WARNING: images and names are not the same length 
 no image_links this page
page  233  has no image links
page  235  has no image links
pausing for 30 seconds at page  240
page  249  has no image links
page  252  has no image links
page  255  has no image links
WARNING: images and names are not the same length 
 no image_links this page
page  258  has no image links
page  259  has no image links
pausing for 30 seconds at page  260
page  262  has no image links
page  273  has no image links
pausing for 30 seconds at page  280
page  299  has no image links
pausing for 30 seconds at page  300
page  301  has no image links
page  317  has no image links
pausing for 30 seconds at page  320
WARNING: images and names are not the same length 
 no image_links this page
page  321  has no image links
page  326  has no image links
page  328  has no image links
page  331  has no image links
page  332  has no image links
page  336  has no image links
pausing for 30 seconds at page  340
page  340  has no image links
page  342  has no image links
page  344  has no image links
page  350  has no image links
page  352  has no image links
pausing for 30 seconds at page  360
page  367  has no image links
page  374  has no image links
WARNING: images and names are not the same length 
 no image_links this page
page  375  has no image links
pausing for 30 seconds at page  380
page  380  has no image links
page  383  has no image links
page  384  has no image links
page  387  has no image links
page  395  has no image links
WARNING: images and names are not the same length 
 no image_links this page
page  396  has no image links
page  397  has no image links
page  398  has no image links
page  399  has no image links
pausing for 30 seconds at page  400
page  400  has no image links
page  401  has no image links
page  402  has no image links
page  403  has no image links
page  404  has no image links
page  405  has no image links
page  406  has no image links
End of scrape.
